<?xml version="1.0" encoding="UTF-8"?>
<!-- Generated by org.testng.reporters.JUnitReportReporter -->
<testsuite skipped="0" hostname="LAPTOP-20464U94" name="busyqa.testcases.TestCase_001" tests="1" failures="0" timestamp="06 May 2018 03:12:12 GMT" time="9.484" errors="0">
  <testcase name="Logintest" time="9.484" classname="busyqa.testcases.TestCase_001"/>
</testsuite> <!-- busyqa.testcases.TestCase_001 -->
