<?xml version="1.0" encoding="UTF-8"?>
<!-- Generated by org.testng.reporters.JUnitReportReporter -->
<testsuite skipped="0" hostname="LAPTOP-20464U94" name="busyqa.testcases.TestCase_Login" tests="1" failures="0" timestamp="2020-02-19T19:03:44 EST" time="5.885" errors="0">
  <testcase name="Logintest" time="5.885" classname="busyqa.testcases.TestCase_Login"/>
</testsuite> <!-- busyqa.testcases.TestCase_Login -->
