<?xml version="1.0" encoding="UTF-8"?>
<!-- Generated by org.testng.reporters.JUnitReportReporter -->
<testsuite skipped="0" hostname="LAPTOP-20464U94" name="busyqa.testcases.TestCase_Login" tests="1" failures="0" timestamp="29 Feb 2020 15:50:45 GMT" time="5.386" errors="0">
  <testcase name="Logintest" time="5.386" classname="busyqa.testcases.TestCase_Login"/>
</testsuite> <!-- busyqa.testcases.TestCase_Login -->
